<?xml version="1.0" encoding="UTF-8"?>
<testsuite xmlns:xsi="http://www.w3.org/2001/XMLSchema-instance" xsi:noNamespaceSchemaLocation="https://maven.apache.org/surefire/maven-surefire-plugin/xsd/surefire-test-report-3.0.xsd" version="3.0" name="com.javaloops.MultiplicationTableTest" time="0.071" tests="4" errors="0" skipped="0" failures="0">
  <properties>
[...]
</properties>
  <testcase name="testGenerateTable" classname="com.javaloops.MultiplicationTableTest" time="0.037"/>
  <testcase name="testMultiplication" classname="com.javaloops.MultiplicationTableTest" time="0.002"/>
  <testcase name="testLargeMultiplication" classname="com.javaloops.MultiplicationTableTest" time="0.001"/>
  <testcase name="testGenerateTableInvalidNumber" classname="com.javaloops.MultiplicationTableTest" time="0.004"/>
</testsuite>